
> smol-fe@1.5.4 build
> node --max-old-space-size=4096 ./node_modules/astro/astro.js build

18:25:02 [@astrojs/cloudflare] Enabling sessions with Cloudflare KV with the "SESSION" KV binding.
18:25:02 [@astrojs/cloudflare] If you see the error "Invalid binding `SESSION`" in your build output, you need to add the binding to your wrangler config file.
18:25:02 [WARN] [adapter] Cloudflare does not support sharp at runtime. However, you can configure `imageService: "compile"` to optimize images with sharp on prerendered pages during build time.
18:25:02 [content] Syncing content
18:25:02 [content] Synced content
18:25:02 [types] Generated 149ms
18:25:02 [build] output: "server"
18:25:02 [build] mode: "server"
18:25:02 [build] directory: C:\Users\Jeff\Mixtape Auto\smol-fe\dist\
18:25:02 [build] adapter: @astrojs/cloudflare
18:25:02 [build] Collecting build info...
18:25:02 [build] Γ£ô Completed in 214ms.
18:25:02 [build] Building server entrypoints...
18:25:09 [ERROR] [vite] Γ£ù Build failed in 6.85s
Could not resolve "../stores/turnstile.svelte" from "src/utils/passkey-kit.ts"
file: C:/Users/Jeff/Mixtape Auto/smol-fe/src/utils/passkey-kit.ts
  Stack trace:
    at getRollupError (file:///C:/Users/Jeff/Mixtape%20Auto/smol-fe/node_modules/.pnpm/rollup@4.40.1/node_modules/rollup/dist/es/shared/parseAst.js:397:41)
    at ModuleLoader.handleInvalidResolvedId (file:///C:/Users/Jeff/Mixtape%20Auto/smol-fe/node_modules/.pnpm/rollup@4.40.1/node_modules/rollup/dist/es/shared/node-entry.js:21333:24)
