
> smol-fe@1.5.4 build C:\Users\Jeff\Mixtape Auto\smol-fe
> node --max-old-space-size=4096 ./node_modules/astro/astro.js build

20:56:11 [@astrojs/cloudflare] Enabling sessions with Cloudflare KV with the "SESSION" KV binding.
20:56:11 [@astrojs/cloudflare] If you see the error "Invalid binding `SESSION`" in your build output, you need to add the binding to your wrangler config file.
20:56:11 [WARN] [adapter] Cloudflare does not support sharp at runtime. However, you can configure `imageService: "compile"` to optimize images with sharp on prerendered pages during build time.
20:56:11 [content] Syncing content
20:56:11 [content] Synced content
20:56:11 [types] Generated 144ms
20:56:11 [build] output: "server"
20:56:11 [build] mode: "server"
20:56:11 [build] directory: C:\Users\Jeff\Mixtape Auto\smol-fe\dist\
20:56:11 [build] adapter: @astrojs/cloudflare
20:56:11 [build] Collecting build info...
20:56:11 [build] Γ£ô Completed in 218ms.
20:56:11 [build] Building server entrypoints...
20:56:29 [WARN] [vite] [33mGenerated an empty chunk: "kale-or-fail.4a25530b".[39m
20:56:29 [WARN] [vite] [33mnode_modules/.pnpm/vm-browserify@1.1.2/node_modules/vm-browserify/index.js (110:11): Use of eval in "node_modules/.pnpm/vm-browserify@1.1.2/node_modules/vm-browserify/index.js" is strongly discouraged as it poses security risks and may cause issues with minification.[39m
20:56:30 [vite] [32mΓ£ô built in 18.63s[39m
20:56:30 [build] Γ£ô Completed in 18.71s.

 building client (vite) 
20:56:30 [vite] transforming...
20:56:30 [vite] [32mΓ£ô[39m 51 modules transformed.
20:56:30 [ERROR] [vite] Γ£ù Build failed in 351ms
[vite-plugin-svelte] [plugin vite-plugin-svelte] src/components/Account.svelte (30:8): C:/Users/Jeff/Mixtape Auto/smol-fe/src/components/Account.svelte:30:8 Unexpected token
https://svelte.dev/e/js_parse_error
file: C:/Users/Jeff/Mixtape Auto/smol-fe/src/components/Account.svelte:30:8

 28 |  
 29 |      onMount(async () => {
 30 |          try {
               ^
 31 |              const { result } = await kale.get().decimals();
 32 |              kaleDecimals = Number(result);

  Location:
    C:/Users/Jeff/Mixtape Auto/smol-fe/src/components/Account.svelte:30:8
  Stack trace:

ΓÇëELIFECYCLEΓÇë Command failed with exit code 1.
