
> smol-fe@1.5.4 build C:\Users\Jeff\Mixtape Auto\smol-fe
> node --max-old-space-size=4096 ./node_modules/astro/astro.js build

20:54:59 [@astrojs/cloudflare] Enabling sessions with Cloudflare KV with the "SESSION" KV binding.
20:54:59 [@astrojs/cloudflare] If you see the error "Invalid binding `SESSION`" in your build output, you need to add the binding to your wrangler config file.
20:54:59 [WARN] [adapter] Cloudflare does not support sharp at runtime. However, you can configure `imageService: "compile"` to optimize images with sharp on prerendered pages during build time.
20:54:59 [content] Syncing content
20:54:59 [content] Synced content
20:54:59 [types] Generated 130ms
20:54:59 [build] output: "server"
20:54:59 [build] mode: "server"
20:54:59 [build] directory: C:\Users\Jeff\Mixtape Auto\smol-fe\dist\
20:54:59 [build] adapter: @astrojs/cloudflare
20:54:59 [build] Collecting build info...
20:54:59 [build] Γ£ô Completed in 204ms.
20:54:59 [build] Building server entrypoints...
20:55:18 [WARN] [vite] [33mGenerated an empty chunk: "kale-or-fail.4a25530b".[39m
20:55:19 [WARN] [vite] [33mnode_modules/.pnpm/vm-browserify@1.1.2/node_modules/vm-browserify/index.js (110:11): Use of eval in "node_modules/.pnpm/vm-browserify@1.1.2/node_modules/vm-browserify/index.js" is strongly discouraged as it poses security risks and may cause issues with minification.[39m
20:55:19 [vite] [32mΓ£ô built in 19.68s[39m
20:55:19 [build] Γ£ô Completed in 19.82s.

 building client (vite) 
20:55:19 [vite] transforming...
20:55:19 [vite] [32mΓ£ô[39m 50 modules transformed.
20:55:19 [ERROR] [vite] Γ£ù Build failed in 355ms
[vite-plugin-svelte] [plugin vite-plugin-svelte] src/components/Account.svelte (18:4): C:/Users/Jeff/Mixtape Auto/smol-fe/src/components/Account.svelte:18:4 Unexpected token
https://svelte.dev/e/js_parse_error
file: C:/Users/Jeff/Mixtape Auto/smol-fe/src/components/Account.svelte:18:4

 16 |          parseAndValidateAmount,
 17 |          validateSufficientBalance,
 18 |      } from "../utils/transaction-validation";
           ^
 19 |      import { wrapError } from "../utils/errors";
 20 |      import KaleEmoji from "./ui/KaleEmoji.svelte";

  Location:
    C:/Users/Jeff/Mixtape Auto/smol-fe/src/components/Account.svelte:18:4
  Stack trace:

ΓÇëELIFECYCLEΓÇë Command failed with exit code 1.
