
> smol-fe@1.5.4 build C:\Users\Jeff\Mixtape Auto\smol-fe
> node --max-old-space-size=4096 ./node_modules/astro/astro.js build

19:50:17 [@astrojs/cloudflare] Enabling sessions with Cloudflare KV with the "SESSION" KV binding.
19:50:17 [@astrojs/cloudflare] If you see the error "Invalid binding `SESSION`" in your build output, you need to add the binding to your wrangler config file.
19:50:17 [WARN] [adapter] Cloudflare does not support sharp at runtime. However, you can configure `imageService: "compile"` to optimize images with sharp on prerendered pages during build time.
19:50:17 [content] Syncing content
19:50:17 [content] Synced content
19:50:17 [types] Generated 154ms
19:50:17 [build] output: "server"
19:50:17 [build] mode: "server"
19:50:17 [build] directory: C:\Users\Jeff\Mixtape Auto\smol-fe\dist\
19:50:17 [build] adapter: @astrojs/cloudflare
19:50:17 [build] Collecting build info...
19:50:17 [build] Γ£ô Completed in 223ms.
19:50:17 [build] Building server entrypoints...
19:50:23 [ERROR] [vite] Γ£ù Build failed in 6.09s
[vite-plugin-svelte] [plugin vite-plugin-svelte] src/components/layout/UserMenu.svelte (13:2): C:/Users/Jeff/Mixtape Auto/smol-fe/src/components/layout/UserMenu.svelte:13:2 Unexpected token
https://svelte.dev/e/js_parse_error
file: C:/Users/Jeff/Mixtape Auto/smol-fe/src/components/layout/UserMenu.svelte:13:2

 11 |      updateContractBalance,
 12 |      resetBalance,
 13 |    } from "../../stores/balance.svelte.ts";
         ^
 14 |    import {
 15 |      mixtapeModeState,

  Location:
    C:/Users/Jeff/Mixtape Auto/smol-fe/src/components/layout/UserMenu.svelte:13:2
  Stack trace:

ΓÇëELIFECYCLEΓÇë Command failed with exit code 1.
