Loading svelte-check in workspace: c:\Users\Jeff\Mixtape Auto\smol-fe
Getting Svelte diagnostics...

c:\Users\Jeff\Mixtape Auto\smol-fe\[32msrc\hooks\useMixtapeSupport.ts[39m:129:17
[31mError[39m: Expression expected. 
[36mturnstileToken: string,
    onProgress ?[35m:[36m (step: string) => void,
    getFreshToken ?: () => Promise<string>[39m

c:\Users\Jeff\Mixtape Auto\smol-fe\[32msrc\hooks\useMixtapeSupport.ts[39m:129:41
[31mError[39m: Expression expected. 
[36mturnstileToken: string,
    onProgress ?: (step: string) => void[35m,[36m
    getFreshToken ?: () => Promise<string>[39m

c:\Users\Jeff\Mixtape Auto\smol-fe\[32msrc\hooks\useMixtapeSupport.ts[39m:130:20
[31mError[39m: Expression expected. 
[36m    onProgress ?: (step: string) => void,
    getFreshToken ?[35m:[36m () => Promise<string>
): Promise < { success: boolean; txHash?: string; error?: string } > {[39m

c:\Users\Jeff\Mixtape Auto\smol-fe\[32msrc\hooks\useMixtapeSupport.ts[39m:131:1
[31mError[39m: Declaration or statement expected. 
[36m    getFreshToken ?: () => Promise<string>
[35m)[36m: Promise < { success: boolean; txHash?: string; error?: string } > {
    if(!userState.contractId || !userState.keyId) {[39m

c:\Users\Jeff\Mixtape Auto\smol-fe\[32msrc\hooks\useMixtapeSupport.ts[39m:131:2
[31mError[39m: Declaration or statement expected. 
[36m    getFreshToken ?: () => Promise<string>
)[35m:[36m Promise < { success: boolean; txHash?: string; error?: string } > {
    if(!userState.contractId || !userState.keyId) {[39m

c:\Users\Jeff\Mixtape Auto\smol-fe\[32msrc\hooks\useMixtapeSupport.ts[39m:131:32
[31mError[39m: ',' expected. 
[36m    getFreshToken ?: () => Promise<string>
): Promise < { success: boolean[35m;[36m txHash?: string; error?: string } > {
    if(!userState.contractId || !userState.keyId) {[39m

c:\Users\Jeff\Mixtape Auto\smol-fe\[32msrc\hooks\useMixtapeSupport.ts[39m:131:49
[31mError[39m: ',' expected. 
[36m    getFreshToken ?: () => Promise<string>
): Promise < { success: boolean; txHash?: string[35m;[36m error?: string } > {
    if(!userState.contractId || !userState.keyId) {[39m

c:\Users\Jeff\Mixtape Auto\smol-fe\[32msrc\hooks\useMixtapeSupport.ts[39m:132:8
[31mError[39m: Identifier expected. 
[36m): Promise < { success: boolean; txHash?: string; error?: string } > {
    if([35m![36muserState.contractId || !userState.keyId) {
    return { success: false, error: 'Wallet not connected' };[39m

c:\Users\Jeff\Mixtape Auto\smol-fe\[32msrc\hooks\useMixtapeSupport.ts[39m:132:18
[31mError[39m: ',' expected. 
[36m): Promise < { success: boolean; txHash?: string; error?: string } > {
    if(!userState[35m.[36mcontractId || !userState.keyId) {
    return { success: false, error: 'Wallet not connected' };[39m

c:\Users\Jeff\Mixtape Auto\smol-fe\[32msrc\hooks\useMixtapeSupport.ts[39m:132:49
[31mError[39m: ',' expected. 
[36m): Promise < { success: boolean; txHash?: string; error?: string } > {
    if(!userState.contractId || !userState.keyId[35m)[36m {
    return { success: false, error: 'Wallet not connected' };[39m

c:\Users\Jeff\Mixtape Auto\smol-fe\[32msrc\hooks\useMixtapeSupport.ts[39m:132:51
[31mError[39m: Property assignment expected. 
[36m): Promise < { success: boolean; txHash?: string; error?: string } > {
    if(!userState.contractId || !userState.keyId) [35m{[36m
    return { success: false, error: 'Wallet not connected' };[39m

c:\Users\Jeff\Mixtape Auto\smol-fe\[32msrc\hooks\useMixtapeSupport.ts[39m:214:1
[31mError[39m: Declaration or statement expected. 
[36m}
[35m}[36m[39m

c:\Users\Jeff\Mixtape Auto\smol-fe\[32msrc\hooks\useMixtapeSupport.ts[39m:128:17
[31mError[39m: 'string' only refers to a type, but is being used as a value here. 
[36m */
turnstileToken: [35mstring[36m,
    onProgress ?: (step: string) => void,[39m

c:\Users\Jeff\Mixtape Auto\smol-fe\[32msrc\hooks\useMixtapeSupport.ts[39m:128:17
[31mError[39m: Left side of comma operator is unused and has no side effects. 
[36m */
turnstileToken: [35mstring[36m,
    onProgress ?: (step: string) => void,[39m

c:\Users\Jeff\Mixtape Auto\smol-fe\[32msrc\hooks\useMixtapeSupport.ts[39m:128:17
[31mError[39m: Left side of comma operator is unused and has no side effects. 
[36m */
turnstileToken: [35mstring,
    onProgress ?: (step: string) => void[36m,
    getFreshToken ?: () => Promise<string>[39m

c:\Users\Jeff\Mixtape Auto\smol-fe\[32msrc\hooks\useMixtapeSupport.ts[39m:129:5
[31mError[39m: Cannot find name 'onProgress'. Did you mean 'onprogress'? 
[36mturnstileToken: string,
    [35monProgress[36m ?: (step: string) => void,
    getFreshToken ?: () => Promise<string>[39m

c:\Users\Jeff\Mixtape Auto\smol-fe\[32msrc\hooks\useMixtapeSupport.ts[39m:130:5
[31mError[39m: Cannot find name 'getFreshToken'. 
[36m    onProgress ?: (step: string) => void,
    [35mgetFreshToken[36m ?: () => Promise<string>
): Promise < { success: boolean; txHash?: string; error?: string } > {[39m

c:\Users\Jeff\Mixtape Auto\smol-fe\[32msrc\hooks\useMixtapeSupport.ts[39m:131:4
[31mError[39m: Operator '<' cannot be applied to types 'PromiseConstructor' and '{ success: any; txHash: any; error: any; }'. 
[36m    getFreshToken ?: () => Promise<string>
): [35mPromise < { success: boolean; txHash?: string; error?: string }[36m > {
    if(!userState.contractId || !userState.keyId) {[39m

c:\Users\Jeff\Mixtape Auto\smol-fe\[32msrc\hooks\useMixtapeSupport.ts[39m:131:4
[31mError[39m: Operator '>' cannot be applied to types 'boolean' and '{ if(: any, userState: any): any; "": any; }'. 
[36m    getFreshToken ?: () => Promise<string>
): [35mPromise < { success: boolean; txHash?: string; error?: string } > {
    if(!userState.contractId || !userState.keyId)[36m {
    return { success: false, error: 'Wallet not connected' };[39m

c:\Users\Jeff\Mixtape Auto\smol-fe\[32msrc\hooks\useMixtapeSupport.ts[39m:131:25
[31mError[39m: 'boolean' only refers to a type, but is being used as a value here. 
[36m    getFreshToken ?: () => Promise<string>
): Promise < { success: [35mboolean[36m; txHash?: string; error?: string } > {
    if(!userState.contractId || !userState.keyId) {[39m

c:\Users\Jeff\Mixtape Auto\smol-fe\[32msrc\hooks\useMixtapeSupport.ts[39m:131:43
[31mError[39m: 'string' only refers to a type, but is being used as a value here. 
[36m    getFreshToken ?: () => Promise<string>
): Promise < { success: boolean; txHash?: [35mstring[36m; error?: string } > {
    if(!userState.contractId || !userState.keyId) {[39m

c:\Users\Jeff\Mixtape Auto\smol-fe\[32msrc\hooks\useMixtapeSupport.ts[39m:131:59
[31mError[39m: 'string' only refers to a type, but is being used as a value here. 
[36m    getFreshToken ?: () => Promise<string>
): Promise < { success: boolean; txHash?: string; error?: [35mstring[36m } > {
    if(!userState.contractId || !userState.keyId) {[39m

c:\Users\Jeff\Mixtape Auto\smol-fe\[32msrc\hooks\useMixtapeSupport.ts[39m:132:8
[31mError[39m: Parameter '(Missing)' implicitly has an 'any' type. 
[36m): Promise < { success: boolean; txHash?: string; error?: string } > {
    if([35m[36m!userState.contractId || !userState.keyId) {
    return { success: false, error: 'Wallet not connected' };[39m

c:\Users\Jeff\Mixtape Auto\smol-fe\[32msrc\hooks\useMixtapeSupport.ts[39m:132:9
[31mError[39m: Parameter 'userState' implicitly has an 'any' type. 
[36m): Promise < { success: boolean; txHash?: string; error?: string } > {
    if(![35muserState[36m.contractId || !userState.keyId) {
    return { success: false, error: 'Wallet not connected' };[39m

c:\Users\Jeff\Mixtape Auto\smol-fe\[32msrc\hooks\useMixtapeSupport.ts[39m:137:5
[31mError[39m: Cannot find name 'onProgress'. Did you mean 'onprogress'? 
[36mtry {
    [35monProgress[36m?.('Calculating payment...');
    const breakdown = calculateSupportPayment(curatorAddress, tracks);[39m

c:\Users\Jeff\Mixtape Auto\smol-fe\[32msrc\hooks\useMixtapeSupport.ts[39m:138:47
[31mError[39m: Cannot find name 'curatorAddress'. 
[36m    onProgress?.('Calculating payment...');
    const breakdown = calculateSupportPayment([35mcuratorAddress[36m, tracks);[39m

c:\Users\Jeff\Mixtape Auto\smol-fe\[32msrc\hooks\useMixtapeSupport.ts[39m:138:63
[31mError[39m: Cannot find name 'tracks'. 
[36m    onProgress?.('Calculating payment...');
    const breakdown = calculateSupportPayment(curatorAddress, [35mtracks[36m);[39m

c:\Users\Jeff\Mixtape Auto\smol-fe\[32msrc\hooks\useMixtapeSupport.ts[39m:144:5
[31mError[39m: Cannot find name 'onProgress'. Did you mean 'onprogress'? 
[36m
    [35monProgress[36m?.('Building transaction...');[39m

c:\Users\Jeff\Mixtape Auto\smol-fe\[32msrc\hooks\useMixtapeSupport.ts[39m:160:28
[31mError[39m: Cannot find name 'turnstileToken'. 
[36m        const [address, amount] = recipients[i];
        let currentToken = [35mturnstileToken[36m;[39m

c:\Users\Jeff\Mixtape Auto\smol-fe\[32msrc\hooks\useMixtapeSupport.ts[39m:162:22
[31mError[39m: Cannot find name 'getFreshToken'. 
[36m
        if (i > 0 && [35mgetFreshToken[36m) {
            onProgress?.('Verifying...');[39m

c:\Users\Jeff\Mixtape Auto\smol-fe\[32msrc\hooks\useMixtapeSupport.ts[39m:163:13
[31mError[39m: Cannot find name 'onProgress'. Did you mean 'onprogress'? 
[36m        if (i > 0 && getFreshToken) {
            [35monProgress[36m?.('Verifying...');
            try {[39m

c:\Users\Jeff\Mixtape Auto\smol-fe\[32msrc\hooks\useMixtapeSupport.ts[39m:165:38
[31mError[39m: Cannot find name 'getFreshToken'. 
[36m            try {
                currentToken = await [35mgetFreshToken[36m();
            } catch (e) {[39m

c:\Users\Jeff\Mixtape Auto\smol-fe\[32msrc\hooks\useMixtapeSupport.ts[39m:171:9
[31mError[39m: Cannot find name 'onProgress'. 
[36m
        [35monProgress[36m?.(`Transferring to ${truncate(address, 4)}...`);
        let tx = await kale.get().transfer({[39m

c:\Users\Jeff\Mixtape Auto\smol-fe\[32msrc\hooks\useMixtapeSupport.ts[39m:173:13
[31mError[39m: Type 'string | null' is not assignable to type 'string'.
  Type 'null' is not assignable to type 'string'. 
[36m        let tx = await kale.get().transfer({
            [35mfrom[36m: userState.contractId,
            to: address,[39m

c:\Users\Jeff\Mixtape Auto\smol-fe\[32msrc\hooks\useMixtapeSupport.ts[39m:178:9
[31mError[39m: Cannot find name 'onProgress'. 
[36m
        [35monProgress[36m?.(`Awaiting signature for ${truncate(address, 4)}...`);
        const sequence = await getLatestSequence();[39m

c:\Users\Jeff\Mixtape Auto\smol-fe\[32msrc\hooks\useMixtapeSupport.ts[39m:182:13
[31mError[39m: Type 'string | null' is not assignable to type 'string | Uint8Array<ArrayBufferLike> | undefined'.
  Type 'null' is not assignable to type 'string | Uint8Array<ArrayBufferLike> | undefined'. 
[36m            rpId: getDomain(window.location.hostname) ?? undefined,
            [35mkeyId[36m: userState.keyId,
            expiration: sequence + 60,[39m

c:\Users\Jeff\Mixtape Auto\smol-fe\[32msrc\hooks\useMixtapeSupport.ts[39m:186:9
[31mError[39m: Cannot find name 'onProgress'. 
[36m
        [35monProgress[36m?.(`Submitting transfer to ${truncate(address, 4)}...`);[39m

c:\Users\Jeff\Mixtape Auto\smol-fe\[32msrc\hooks\useMixtapeSupport.ts[39m:192:5
[31mError[39m: Cannot find name 'onProgress'. 
[36m
    [35monProgress[36m?.('Complete!');[39m

c:\Users\Jeff\Mixtape Auto\smol-fe\[32msrc\hooks\useMixtapeSupport.ts[39m:201:46
[31mError[39m: 'error' is of type 'unknown'. 
[36m    console.error('Support payment failed:', error);
    const message = error instanceof Error ? [35merror[36m.message : String(error);[39m

c:\Users\Jeff\Mixtape Auto\smol-fe\[32msrc\components\mixtape\MixtapeSupportBanner.svelte[39m:9:9
[31mError[39m: Module '"../../hooks/useMixtapeSupport"' has no exported member 'sendSupportPayment'. (ts)
[36m        calculateSupportPayment,
        [35msendSupportPayment[36m,
        formatKaleAmount,[39m

c:\Users\Jeff\Mixtape Auto\smol-fe\[32msrc\components\mixtape\MixtapeSupportBanner.svelte[39m:85:14
[31mError[39m: Parameter 'step' implicitly has an 'any' type. (ts)
[36m            turnstileToken,
            ([35mstep[36m) => {
                progressMessage = step;[39m

====================================
[31msvelte-check found 41 errors and 3 warnings in 5 files
[39m
