Loading svelte-check in workspace: c:\Users\Jeff\Mixtape Auto\smol-fe
Getting Svelte diagnostics...

c:\Users\Jeff\Mixtape Auto\smol-fe\[32msrc\components\Account.svelte[39m:30:9
[31mError[39m: Unexpected token
https://svelte.dev/e/js_parse_error (svelte)
[36m    onMount(async () => {
        [35m[36mtry {
            const { result } = await kale.get().decimals();[39m

c:\Users\Jeff\Mixtape Auto\smol-fe\[32msrc\components\Account.svelte[39m:30:9
[31mError[39m: Unexpected token
https://svelte.dev/e/js_parse_error (js)
[36m    onMount(async () => {
        [35m[36mtry {
            const { result } = await kale.get().decimals();[39m

c:\Users\Jeff\Mixtape Auto\smol-fe\[32msrc\stores\user.svelte.ts[39m:10:26
[31mError[39m: Cannot find name 'safeLocalStorageGet'. 
[36m// Initialize from localStorage if available (client-side only)
const storedContractId = [35msafeLocalStorageGet[36m("smol:contractId");
const storedKeyId = safeLocalStorageGet("smol:keyId");[39m

c:\Users\Jeff\Mixtape Auto\smol-fe\[32msrc\stores\user.svelte.ts[39m:11:21
[31mError[39m: Cannot find name 'safeLocalStorageGet'. 
[36mconst storedContractId = safeLocalStorageGet("smol:contractId");
const storedKeyId = [35msafeLocalStorageGet[36m("smol:keyId");[39m

c:\Users\Jeff\Mixtape Auto\smol-fe\[32msrc\stores\user.svelte.ts[39m:33:11
[31mError[39m: Cannot find name 'safeLocalStorageSet'. 
[36m  userState.contractId = id;
  if (id) [35msafeLocalStorageSet[36m("smol:contractId", id);
  else safeLocalStorageRemove("smol:contractId");[39m

c:\Users\Jeff\Mixtape Auto\smol-fe\[32msrc\stores\user.svelte.ts[39m:34:8
[31mError[39m: Cannot find name 'safeLocalStorageRemove'. 
[36m  if (id) safeLocalStorageSet("smol:contractId", id);
  else [35msafeLocalStorageRemove[36m("smol:contractId");
}[39m

c:\Users\Jeff\Mixtape Auto\smol-fe\[32msrc\stores\user.svelte.ts[39m:42:11
[31mError[39m: Cannot find name 'safeLocalStorageSet'. 
[36m  userState.keyId = id;
  if (id) [35msafeLocalStorageSet[36m("smol:keyId", id);
  else safeLocalStorageRemove("smol:keyId");[39m

c:\Users\Jeff\Mixtape Auto\smol-fe\[32msrc\stores\user.svelte.ts[39m:43:8
[31mError[39m: Cannot find name 'safeLocalStorageRemove'. 
[36m  if (id) safeLocalStorageSet("smol:keyId", id);
  else [35msafeLocalStorageRemove[36m("smol:keyId");
}[39m

c:\Users\Jeff\Mixtape Auto\smol-fe\[32msrc\stores\user.svelte.ts[39m:53:19
[31mError[39m: Cannot find name 'safeLocalStorageSet'. 
[36m
  if (contractId) [35msafeLocalStorageSet[36m("smol:contractId", contractId);
  if (keyId) safeLocalStorageSet("smol:keyId", keyId);[39m

c:\Users\Jeff\Mixtape Auto\smol-fe\[32msrc\stores\user.svelte.ts[39m:54:14
[31mError[39m: Cannot find name 'safeLocalStorageSet'. 
[36m  if (contractId) safeLocalStorageSet("smol:contractId", contractId);
  if (keyId) [35msafeLocalStorageSet[36m("smol:keyId", keyId);
}[39m

c:\Users\Jeff\Mixtape Auto\smol-fe\[32msrc\stores\user.svelte.ts[39m:67:3
[31mError[39m: Cannot find name 'safeLocalStorageRemove'. 
[36m  // Hard logout: Remove credentials to prevent stale passkey issues
  [35msafeLocalStorageRemove[36m("smol:contractId");
  safeLocalStorageRemove("smol:keyId");[39m

c:\Users\Jeff\Mixtape Auto\smol-fe\[32msrc\stores\user.svelte.ts[39m:68:3
[31mError[39m: Cannot find name 'safeLocalStorageRemove'. 
[36m  safeLocalStorageRemove("smol:contractId");
  [35msafeLocalStorageRemove[36m("smol:keyId");
  safeLocalStorageRemove("smol:skip_intro"); // Optional: reset intro[39m

c:\Users\Jeff\Mixtape Auto\smol-fe\[32msrc\stores\user.svelte.ts[39m:69:3
[31mError[39m: Cannot find name 'safeLocalStorageRemove'. 
[36m  safeLocalStorageRemove("smol:keyId");
  [35msafeLocalStorageRemove[36m("smol:skip_intro"); // Optional: reset intro
}[39m

c:\Users\Jeff\Mixtape Auto\smol-fe\[32msrc\components\MintTradeModal.svelte[39m:17:19
[31mError[39m: Expected token }
https://svelte.dev/e/expected_token (svelte)
[36m  import { kale, sac } from "../utils/passkey-kit";
  import { Client [35m[36mas CometClient } from "comet-sdk";
  import { useTradeSimulation } from "../hooks/useTradeSimulation";[39m

c:\Users\Jeff\Mixtape Auto\smol-fe\[32msrc\components\MintTradeModal.svelte[39m:17:19
[31mError[39m: Expected token }
https://svelte.dev/e/expected_token (js)
[36m  import { kale, sac } from "../utils/passkey-kit";
  import { Client [35m[36mas CometClient } from "comet-sdk";
  import { useTradeSimulation } from "../hooks/useTradeSimulation";[39m

c:\Users\Jeff\Mixtape Auto\smol-fe\[32msrc\components\Smol.svelte[39m:7:30
[31mError[39m: File 'c:/Users/Jeff/Mixtape Auto/smol-fe/src/components/MintTradeModal.svelte' is not a module. (ts)
[36m  import SmolDisplay from "./smol/SmolDisplay.svelte";
  import MintTradeModal from [35m"./MintTradeModal.svelte"[36m;
  import { userState } from "../stores/user.svelte.ts";[39m

c:\Users\Jeff\Mixtape Auto\smol-fe\[32msrc\components\artist\ArtistResults.svelte[39m:17:32
[31mError[39m: File 'c:/Users/Jeff/Mixtape Auto/smol-fe/src/components/MintTradeModal.svelte' is not a module. (ts)
[36m    import TokenBalancePill from "../ui/TokenBalancePill.svelte";
    import MintTradeModal from [35m"../MintTradeModal.svelte"[36m;
    import { getTokenBalance } from "../../utils/balance";[39m

c:\Users\Jeff\Mixtape Auto\smol-fe\[32msrc\components\labs\SwapperCore.svelte[39m:20:14
[31mError[39m: Expected token }
https://svelte.dev/e/expected_token (svelte)
[36m        toStroops,
        type [35m[36mQuoteResponse,
    } from "../../utils/soroswap";[39m

c:\Users\Jeff\Mixtape Auto\smol-fe\[32msrc\components\labs\SwapperCore.svelte[39m:20:14
[31mError[39m: Expected token }
https://svelte.dev/e/expected_token (js)
[36m        toStroops,
        type [35m[36mQuoteResponse,
    } from "../../utils/soroswap";[39m

c:\Users\Jeff\Mixtape Auto\smol-fe\[32msrc\hooks\useMixtapeSupport.ts[39m:5:48
[31mError[39m: Module '"../utils/transaction-helpers"' has no exported member 'GetFreshTokenCallback'. 
[36mimport type { Smol } from '../types/domain';
import { signAndSend, isUserCancellation, type [35mGetFreshTokenCallback[36m } from '../utils/transaction-helpers';[39m

c:\Users\Jeff\Mixtape Auto\smol-fe\[32msrc\hooks\useMixtapePurchase.ts[39m:14:8
[31mError[39m: Module '"../utils/transaction-helpers"' has no exported member 'GetFreshTokenCallback'. 
[36m  signSendAndVerify,
  type [35mGetFreshTokenCallback[36m,
  type SignAndSendResult,[39m

c:\Users\Jeff\Mixtape Auto\smol-fe\[32msrc\components\player\GlobalPlayer.svelte[39m:18:32
[31mError[39m: File 'c:/Users/Jeff/Mixtape Auto/smol-fe/src/components/MintTradeModal.svelte' is not a module. (ts)
[36m    import { useSmolMinting } from "../../hooks/useSmolMinting";
    import MintTradeModal from [35m"../MintTradeModal.svelte"[36m;
    import { getTokenBalance } from "../../utils/balance";[39m

c:\Users\Jeff\Mixtape Auto\smol-fe\[32msrc\components\radio\RadioResults.svelte[39m:10:32
[31mError[39m: File 'c:/Users/Jeff/Mixtape Auto/smol-fe/src/components/MintTradeModal.svelte' is not a module. (ts)
[36m    import TokenBalancePill from "../ui/TokenBalancePill.svelte";
    import MintTradeModal from [35m"../MintTradeModal.svelte"[36m;
    import { sac } from "../../utils/passkey-kit";[39m

c:\Users\Jeff\Mixtape Auto\smol-fe\[32msrc\components\smol\SmolResults.svelte[39m:21:32
[31mError[39m: File 'c:/Users/Jeff/Mixtape Auto/smol-fe/src/components/MintTradeModal.svelte' is not a module. (ts)
[36m    import { RPC_URL } from "../../utils/rpc";
    import MintTradeModal from [35m"../MintTradeModal.svelte"[36m;
    import TipArtistModal from "../artist/TipArtistModal.svelte";[39m

====================================
[31msvelte-check found 24 errors and 0 warnings in 11 files
[39m
