
> smol-fe@1.5.4 check C:\Users\Jeff\Mixtape Auto\smol-fe
> svelte-check --tsconfig ./tsconfig.json

Loading svelte-check in workspace: c:\Users\Jeff\Mixtape Auto\smol-fe
Getting Svelte diagnostics...

c:\Users\Jeff\Mixtape Auto\smol-fe\[32msrc\components\mixtape\MixtapesIndex.svelte[39m:70:9
[33mWarn[39m: Also define the standard property 'background-clip' for compatibility (css)
[36m        animation: rainbow-flow 4s linear infinite;
        [35m-webkit-background-clip[36m: text;
        -webkit-text-fill-color: transparent;[39m

c:\Users\Jeff\Mixtape Auto\smol-fe\[32msrc\components\radio\RadioBuilder.svelte[39m:1258:3
[33mWarn[39m: Unused CSS selector ".animate-fade-in-up"
https://svelte.dev/e/css_unused_selector (svelte)
[36m  }
  [35m.animate-fade-in-up[36m {
    animation: fadeInUp 0.4s ease-out forwards;[39m

c:\Users\Jeff\Mixtape Auto\smol-fe\[32msrc\components\tags\TagExplorer.svelte[39m:902:5
[33mWarn[39m: Unused CSS selector ".animate-fade-in-up"
https://svelte.dev/e/css_unused_selector (svelte)
[36m    }
    [35m.animate-fade-in-up[36m {
        animation: fadeInUp 0.4s ease-out forwards;[39m

====================================
[33msvelte-check found 0 errors and 3 warnings in 3 files
[39m
