
> smol-fe@1.5.4 check C:\Users\Jeff\Mixtape Auto\smol-fe
> svelte-check --tsconfig ./tsconfig.json

Loading svelte-check in workspace: c:\Users\Jeff\Mixtape Auto\smol-fe
Getting Svelte diagnostics...

c:\Users\Jeff\Mixtape Auto\smol-fe\[32mtemp_upstream_pk.ts[39m:4:35
[31mError[39m: Cannot find module '../stores/turnstile.svelte' or its corresponding type declarations. 
[36mimport type { Tx } from "@stellar/stellar-sdk/minimal/contract";
import { getTurnstileToken } from [35m"../stores/turnstile.svelte"[36m;[39m

c:\Users\Jeff\Mixtape Auto\smol-fe\[32msrc\components\Account.svelte[39m:120:24
[31mError[39m: Argument of type 'AssembledTransaction<null>' is not assignable to parameter of type 'string | Tx | AssembledTransaction<null>'.
  Type 'import("C:/Users/Jeff/Mixtape Auto/smol-fe/node_modules/.pnpm/@stellar+stellar-sdk@14.4.3/node_modules/@stellar/stellar-sdk/lib/minimal/contract/assembled_transaction").AssembledTransaction<null>' is not assignable to type 'import("C:/Users/Jeff/Mixtape Auto/smol-fe/node_modules/.pnpm/@stellar+stellar-sdk@14.2.0/node_modules/@stellar/stellar-sdk/lib/minimal/contract/assembled_transaction").AssembledTransaction<null>'.
    Types have separate declarations of a private property 'simulationResult'. (ts)
[36m
            await send([35mtx[36m);[39m

c:\Users\Jeff\Mixtape Auto\smol-fe\[32msrc\hooks\useAuthentication.ts[39m:3:19
[31mError[39m: Module '"../utils/passkey-kit"' has no exported member 'server'. 
[36mimport { getDomain } from 'tldts';
import { account, [35mserver[36m } from '../utils/passkey-kit';
import { setUserAuth, clearUserAuth, userState } from '../stores/user.svelte';[39m

c:\Users\Jeff\Mixtape Auto\smol-fe\[32msrc\hooks\useTradeExecution.ts[39m:4:19
[31mError[39m: Module '"../utils/passkey-kit"' has no exported member 'server'. 
[36mimport { getLatestSequence } from '../utils/base';
import { account, [35mserver[36m } from '../utils/passkey-kit';[39m

c:\Users\Jeff\Mixtape Auto\smol-fe\[32msrc\hooks\useTradeExecution.ts[39m:34:24
[31mError[39m: Argument of type 'AssembledTransaction<readonly [bigint, bigint]>' is not assignable to parameter of type 'string | Tx | AssembledTransaction<readonly [bigint, bigint]>'.
  Type 'import("C:/Users/Jeff/Mixtape Auto/smol-fe/node_modules/.pnpm/@stellar+stellar-sdk@14.2.0/node_modules/@stellar/stellar-sdk/lib/minimal/contract/assembled_transaction").AssembledTransaction<readonly [bigint, bigint]>' is not assignable to type 'import("C:/Users/Jeff/Mixtape Auto/smol-fe/node_modules/.pnpm/@stellar+stellar-sdk@14.4.3/node_modules/@stellar/stellar-sdk/lib/minimal/contract/assembled_transaction").AssembledTransaction<readonly [bigint, bigint]>'.
    Types have separate declarations of a private property 'simulationResult'. 
[36m    const sequence = await getLatestSequence();
    await account.sign([35mtx[36m, {
      rpId: getDomain(window.location.hostname) ?? undefined,[39m

c:\Users\Jeff\Mixtape Auto\smol-fe\[32msrc\utils\mint.ts[39m:72:5
[31mError[39m: Type 'import("C:/Users/Jeff/Mixtape Auto/smol-fe/node_modules/.pnpm/@stellar+stellar-sdk@14.4.3/node_modules/@stellar/stellar-sdk/lib/minimal/contract/assembled_transaction").AssembledTransaction<readonly [string, string]>' is not assignable to type 'import("C:/Users/Jeff/Mixtape Auto/smol-fe/node_modules/.pnpm/@stellar+stellar-sdk@14.2.0/node_modules/@stellar/stellar-sdk/lib/minimal/contract/assembled_transaction").AssembledTransaction<readonly [string, string]>'.
  Types have separate declarations of a private property 'simulationResult'. 
[36m
    [35mat[36m = await account.sign(at, {
        rpId: getDomain(window.location.hostname) ?? undefined,[39m

c:\Users\Jeff\Mixtape Auto\smol-fe\[32msrc\utils\mint.ts[39m:72:29
[31mError[39m: Argument of type 'AssembledTransaction<readonly [string, string]>' is not assignable to parameter of type 'string | Tx | AssembledTransaction<readonly [string, string]>'.
  Type 'import("C:/Users/Jeff/Mixtape Auto/smol-fe/node_modules/.pnpm/@stellar+stellar-sdk@14.2.0/node_modules/@stellar/stellar-sdk/lib/minimal/contract/assembled_transaction").AssembledTransaction<readonly [string, string]>' is not assignable to type 'import("C:/Users/Jeff/Mixtape Auto/smol-fe/node_modules/.pnpm/@stellar+stellar-sdk@14.4.3/node_modules/@stellar/stellar-sdk/lib/minimal/contract/assembled_transaction").AssembledTransaction<readonly [string, string]>'.
    Types have separate declarations of a private property 'simulationResult'. 
[36m
    at = await account.sign([35mat[36m, {
        rpId: getDomain(window.location.hostname) ?? undefined,[39m

c:\Users\Jeff\Mixtape Auto\smol-fe\[32msrc\components\artist\TipArtistModal.svelte[39m:4:29
[31mError[39m: Module '"../../utils/passkey-kit"' has no exported member 'server'. (ts)
[36m    import { fade, scale } from "svelte/transition";
    import { account, kale, [35mserver[36m } from "../../utils/passkey-kit";
    import { getLatestSequence, truncate } from "../../utils/base";[39m

c:\Users\Jeff\Mixtape Auto\smol-fe\[32msrc\components\labs\AsteroidsBackground.svelte[39m:127:9
[31mError[39m: Property 'update' in type 'Ship' is not assignable to the same property in base type 'GameObject'.
  Type '(width: number, height: number, asteroids: Asteroid[]) => void' is not assignable to type '(width: number, height: number) => void'.
    Target signature provides too few arguments. Expected 3 or more, but got 2. (ts)
[36m
        [35mupdate[36m(width: number, height: number, asteroids: Asteroid[]) {
            // --- AI LOGIC ---[39m

c:\Users\Jeff\Mixtape Auto\smol-fe\[32msrc\components\labs\TagRouletteCore.svelte[39m:47:55
[31mError[39m: 'e' is of type 'unknown'. (ts)
[36m                error =
                    "Failed to load system data: " + ([35me[36m.message || String(e));
                isLoading = false;[39m

c:\Users\Jeff\Mixtape Auto\smol-fe\[32msrc\components\labs\WaveformMatchCore.svelte[39m:58:9
[31mError[39m: Type 'Timeout' is not assignable to type 'number'. (ts)
[36m        // Start timer
        [35mtimer[36m = setInterval(() => {
            if (potentialPoints > MIN_POINTS) {[39m

c:\Users\Jeff\Mixtape Auto\smol-fe\[32msrc\hooks\useMixtapeSupport.ts[39m:2:25
[31mError[39m: Module '"../utils/passkey-kit"' has no exported member 'server'. 
[36mimport { getDomain } from 'tldts';
import { account, kale, [35mserver[36m, sac } from '../utils/passkey-kit';
import { getLatestSequence, truncate } from '../utils/base';[39m

c:\Users\Jeff\Mixtape Auto\smol-fe\[32msrc\components\mixtape\MixtapeCardsGrid.svelte[39m:279:173
[31mError[39m: Element implicitly has an 'any' type because expression of type 'any' can't be used to index type 'Record<GlowTheme, { name: string; gradient: string; color: string; style?: string | undefined; }>'. (ts)
[36m                <div
                    class="absolute -inset-2 rounded-xl md:rounded-[1.5rem] blur-[15px] opacity-90 animate-color-cycle pointer-events-none z-0 saturate-150 brightness-125 {[35mTHEMES[
                        preferences.glowTheme
                    ][36m.gradient
                        ? `bg-gradient-to-r ${THEMES[preferences.glowTheme].gradient}`[39m

c:\Users\Jeff\Mixtape Auto\smol-fe\[32msrc\components\mixtape\MixtapeCardsGrid.svelte[39m:282:47
[31mError[39m: Element implicitly has an 'any' type because expression of type 'any' can't be used to index type 'Record<GlowTheme, { name: string; gradient: string; color: string; style?: string | undefined; }>'. (ts)
[36m                    ].gradient
                        ? `bg-gradient-to-r ${[35mTHEMES[preferences.glowTheme][36m.gradient}`
                        : ''}"[39m

c:\Users\Jeff\Mixtape Auto\smol-fe\[32msrc\components\mixtape\MixtapeCardsGrid.svelte[39m:284:28
[31mError[39m: Element implicitly has an 'any' type because expression of type 'any' can't be used to index type 'Record<GlowTheme, { name: string; gradient: string; color: string; style?: string | undefined; }>'. (ts)
[36m                        : ''}"
                    style={[35mTHEMES[preferences.glowTheme][36m.style || ""}
                ></div>[39m

c:\Users\Jeff\Mixtape Auto\smol-fe\[32msrc\components\mixtape\MixtapeCardsGrid.svelte[39m:289:194
[31mError[39m: Element implicitly has an 'any' type because expression of type 'any' can't be used to index type 'Record<GlowTheme, { name: string; gradient: string; color: string; style?: string | undefined; }>'. (ts)
[36m                <div
                    class="absolute -inset-[1px] rounded-xl md:rounded-[1.5rem] animate-color-cycle pointer-events-none z-0 shadow-[0_0_20px_rgba(255,255,255,0.4)] saturate-150 brightness-150 {[35mTHEMES[
                        preferences.glowTheme
                    ][36m.gradient
                        ? `bg-gradient-to-r ${THEMES[preferences.glowTheme].gradient}`[39m

c:\Users\Jeff\Mixtape Auto\smol-fe\[32msrc\components\mixtape\MixtapeCardsGrid.svelte[39m:292:47
[31mError[39m: Element implicitly has an 'any' type because expression of type 'any' can't be used to index type 'Record<GlowTheme, { name: string; gradient: string; color: string; style?: string | undefined; }>'. (ts)
[36m                    ].gradient
                        ? `bg-gradient-to-r ${[35mTHEMES[preferences.glowTheme][36m.gradient}`
                        : ''} p-[1px]"[39m

c:\Users\Jeff\Mixtape Auto\smol-fe\[32msrc\components\mixtape\MixtapeCardsGrid.svelte[39m:294:28
[31mError[39m: Element implicitly has an 'any' type because expression of type 'any' can't be used to index type 'Record<GlowTheme, { name: string; gradient: string; color: string; style?: string | undefined; }>'. (ts)
[36m                        : ''} p-[1px]"
                    style={[35mTHEMES[preferences.glowTheme][36m.style || ""}
                >[39m

c:\Users\Jeff\Mixtape Auto\smol-fe\[32msrc\hooks\useMixtapeMinting.ts[39m:159:5
[31mError[39m: Type 'import("C:/Users/Jeff/Mixtape Auto/smol-fe/node_modules/.pnpm/@stellar+stellar-sdk@14.4.3/node_modules/@stellar/stellar-sdk/lib/minimal/contract/assembled_transaction").AssembledTransaction<(readonly [string, string])[]>' is not assignable to type 'import("C:/Users/Jeff/Mixtape Auto/smol-fe/node_modules/.pnpm/@stellar+stellar-sdk@14.2.0/node_modules/@stellar/stellar-sdk/lib/minimal/contract/assembled_transaction").AssembledTransaction<(readonly [string, string])[]>'.
  Types have separate declarations of a private property 'simulationResult'. 
[36m    const sequence = await getLatestSequence();
    [35mat[36m = await account.sign(at, {
      rpId: getDomain(window.location.hostname) ?? undefined,[39m

c:\Users\Jeff\Mixtape Auto\smol-fe\[32msrc\hooks\useMixtapeMinting.ts[39m:159:29
[31mError[39m: Argument of type 'AssembledTransaction<(readonly [string, string])[]>' is not assignable to parameter of type 'string | Tx | AssembledTransaction<(readonly [string, string])[]>'.
  Type 'import("C:/Users/Jeff/Mixtape Auto/smol-fe/node_modules/.pnpm/@stellar+stellar-sdk@14.2.0/node_modules/@stellar/stellar-sdk/lib/minimal/contract/assembled_transaction").AssembledTransaction<(readonly [string, string])[]>' is not assignable to type 'import("C:/Users/Jeff/Mixtape Auto/smol-fe/node_modules/.pnpm/@stellar+stellar-sdk@14.4.3/node_modules/@stellar/stellar-sdk/lib/minimal/contract/assembled_transaction").AssembledTransaction<(readonly [string, string])[]>'.
    Types have separate declarations of a private property 'simulationResult'. 
[36m    const sequence = await getLatestSequence();
    at = await account.sign([35mat[36m, {
      rpId: getDomain(window.location.hostname) ?? undefined,[39m

c:\Users\Jeff\Mixtape Auto\smol-fe\[32msrc\hooks\useMixtapePurchase.ts[39m:5:19
[31mError[39m: Module '"../utils/passkey-kit"' has no exported member 'server'. 
[36mimport { getLatestSequence } from '../utils/base';
import { account, [35mserver[36m } from '../utils/passkey-kit';
import { RPC_URL } from '../utils/rpc';[39m

c:\Users\Jeff\Mixtape Auto\smol-fe\[32msrc\hooks\useMixtapePurchase.ts[39m:38:24
[31mError[39m: Argument of type 'AssembledTransaction<null>' is not assignable to parameter of type 'string | Tx | AssembledTransaction<null>'.
  Type 'import("C:/Users/Jeff/Mixtape Auto/smol-fe/node_modules/.pnpm/@stellar+stellar-sdk@14.2.0/node_modules/@stellar/stellar-sdk/lib/minimal/contract/assembled_transaction").AssembledTransaction<null>' is not assignable to type 'import("C:/Users/Jeff/Mixtape Auto/smol-fe/node_modules/.pnpm/@stellar+stellar-sdk@14.4.3/node_modules/@stellar/stellar-sdk/lib/minimal/contract/assembled_transaction").AssembledTransaction<null>'.
    Types have separate declarations of a private property 'simulationResult'. 
[36m    const sequence = await getLatestSequence();
    await account.sign([35mtx[36m, {
      rpId: getDomain(window.location.hostname) ?? undefined,[39m

c:\Users\Jeff\Mixtape Auto\smol-fe\[32msrc\components\mixtape\MixtapesIndex.svelte[39m:70:9
[33mWarn[39m: Also define the standard property 'background-clip' for compatibility (css)
[36m        animation: rainbow-flow 4s linear infinite;
        [35m-webkit-background-clip[36m: text;
        -webkit-text-fill-color: transparent;[39m

c:\Users\Jeff\Mixtape Auto\smol-fe\[32msrc\components\player\GlobalPlayer.svelte[39m:749:16
[31mError[39m: Element implicitly has an 'any' type because expression of type 'any' can't be used to index type 'Record<GlowTheme, { name: string; gradient: string; color: string; style?: string | undefined; }>'. (ts)
[36m        class="max-w-6xl w-full mx-auto reactive-glass border border-white/5 backdrop-blur-xl md:rounded-2xl rounded-none shadow-2xl relative flex flex-col flex-1 min-h-0 transition-all duration-700 bg-cover bg-center"
        style={[35mTHEMES[preferences.glowTheme][36m.style ||
            "background-color: rgba(29, 29, 29, 0.7);"}[39m

c:\Users\Jeff\Mixtape Auto\smol-fe\[32msrc\components\player\GlobalPlayer.svelte[39m:764:52
[31mError[39m: Element implicitly has an 'any' type because expression of type 'any' can't be used to index type 'Record<GlowTheme, { name: string; gradient: string; color: string; style?: string | undefined; }>'. (ts)
[36m                <div
                    class="absolute inset-[-100%] {[35mTHEMES[preferences.glowTheme][36m
                        .gradient[39m

c:\Users\Jeff\Mixtape Auto\smol-fe\[32msrc\components\player\GlobalPlayer.svelte[39m:766:47
[31mError[39m: Element implicitly has an 'any' type because expression of type 'any' can't be used to index type 'Record<GlowTheme, { name: string; gradient: string; color: string; style?: string | undefined; }>'. (ts)
[36m                        .gradient
                        ? `bg-gradient-to-r ${[35mTHEMES[preferences.glowTheme][36m.gradient}`
                        : ''} animate-[spin_4s_linear_infinite] opacity-70 group-hover:opacity-100 transition-opacity"[39m

c:\Users\Jeff\Mixtape Auto\smol-fe\[32msrc\components\player\GlobalPlayer.svelte[39m:768:28
[31mError[39m: Element implicitly has an 'any' type because expression of type 'any' can't be used to index type 'Record<GlowTheme, { name: string; gradient: string; color: string; style?: string | undefined; }>'. (ts)
[36m                        : ''} animate-[spin_4s_linear_infinite] opacity-70 group-hover:opacity-100 transition-opacity"
                    style={[35mTHEMES[preferences.glowTheme][36m.style || ""}
                ></div>[39m

c:\Users\Jeff\Mixtape Auto\smol-fe\[32msrc\components\player\GlobalPlayer.svelte[39m:1218:153
[31mError[39m: Element implicitly has an 'any' type because expression of type 'any' can't be used to index type 'Record<GlowTheme, { name: string; gradient: string; color: string; style?: string | undefined; }>'. (ts)
[36m                                    <div
                                        class="absolute -inset-2 rounded-2xl blur-xl transition-opacity duration-500 animate-[spin_4s_linear_infinite] {[35mTHEMES[
                                            preferences.glowTheme
                                        ][36m.gradient
                                            ? `bg-gradient-to-r ${THEMES[preferences.glowTheme].gradient}`[39m

c:\Users\Jeff\Mixtape Auto\smol-fe\[32msrc\components\player\GlobalPlayer.svelte[39m:1221:67
[31mError[39m: Element implicitly has an 'any' type because expression of type 'any' can't be used to index type 'Record<GlowTheme, { name: string; gradient: string; color: string; style?: string | undefined; }>'. (ts)
[36m                                        ].gradient
                                            ? `bg-gradient-to-r ${[35mTHEMES[preferences.glowTheme][36m.gradient}`
                                            : ''} opacity-50"[39m

c:\Users\Jeff\Mixtape Auto\smol-fe\[32msrc\components\player\GlobalPlayer.svelte[39m:1223:48
[31mError[39m: Element implicitly has an 'any' type because expression of type 'any' can't be used to index type 'Record<GlowTheme, { name: string; gradient: string; color: string; style?: string | undefined; }>'. (ts)
[36m                                            : ''} opacity-50"
                                        style={[35mTHEMES[preferences.glowTheme][36m
                                            .style || ""}[39m

c:\Users\Jeff\Mixtape Auto\smol-fe\[32msrc\components\player\GlobalPlayer.svelte[39m:1237:76
[31mError[39m: Element implicitly has an 'any' type because expression of type 'any' can't be used to index type 'Record<GlowTheme, { name: string; gradient: string; color: string; style?: string | undefined; }>'. (ts)
[36m                                        <div
                                            class="absolute inset-[-100%] {[35mTHEMES[
                                                preferences.glowTheme
                                            ][36m.gradient
                                                ? `bg-gradient-to-r ${THEMES[preferences.glowTheme].gradient}`[39m

c:\Users\Jeff\Mixtape Auto\smol-fe\[32msrc\components\player\GlobalPlayer.svelte[39m:1240:71
[31mError[39m: Element implicitly has an 'any' type because expression of type 'any' can't be used to index type 'Record<GlowTheme, { name: string; gradient: string; color: string; style?: string | undefined; }>'. (ts)
[36m                                            ].gradient
                                                ? `bg-gradient-to-r ${[35mTHEMES[preferences.glowTheme][36m.gradient}`
                                                : ''} transition-opacity duration-500 animate-[spin_4s_linear_infinite] opacity-100"[39m

c:\Users\Jeff\Mixtape Auto\smol-fe\[32msrc\components\player\GlobalPlayer.svelte[39m:1242:52
[31mError[39m: Element implicitly has an 'any' type because expression of type 'any' can't be used to index type 'Record<GlowTheme, { name: string; gradient: string; color: string; style?: string | undefined; }>'. (ts)
[36m                                                : ''} transition-opacity duration-500 animate-[spin_4s_linear_infinite] opacity-100"
                                            style={[35mTHEMES[preferences.glowTheme][36m
                                                .style || ""}[39m

c:\Users\Jeff\Mixtape Auto\smol-fe\[32msrc\components\profile\CreatedSmols.svelte[39m:18:34
[31mError[39m: Element implicitly has an 'any' type because expression of type 'any' can't be used to index type 'Record<GlowTheme, { name: string; gradient: string; color: string; style?: string | undefined; }>'. (ts)
[36m    const authHook = useAuthentication();
    const activeTheme = $derived([35mTHEMES[preferences.glowTheme][36m);
    const isTechnicolor = $derived(preferences.glowTheme === "technicolor_v2");[39m

c:\Users\Jeff\Mixtape Auto\smol-fe\[32msrc\components\profile\MyProfile.svelte[39m:12:34
[31mError[39m: Element implicitly has an 'any' type because expression of type 'any' can't be used to index type 'Record<GlowTheme, { name: string; gradient: string; color: string; style?: string | undefined; }>'. (ts)
[36m    const authHook = useAuthentication();
    const activeTheme = $derived([35mTHEMES[preferences.glowTheme][36m);
    const isTechnicolor = $derived(preferences.glowTheme === "technicolor_v2");[39m

c:\Users\Jeff\Mixtape Auto\smol-fe\[32msrc\components\radio\RadioBuilder.svelte[39m:1258:3
[33mWarn[39m: Unused CSS selector ".animate-fade-in-up"
https://svelte.dev/e/css_unused_selector (svelte)
[36m  }
  [35m.animate-fade-in-up[36m {
    animation: fadeInUp 0.4s ease-out forwards;[39m

c:\Users\Jeff\Mixtape Auto\smol-fe\[32msrc\components\smol\SmolResults.svelte[39m:437:58
[31mError[39m: Property 'style' does not exist on type 'EventTarget & Element'. (ts)
[36m                                    onerror={(e) =>
                                        (e.currentTarget.[35mstyle[36m.display =
                                            "none")}[39m

c:\Users\Jeff\Mixtape Auto\smol-fe\[32msrc\components\smol\SmolResults.svelte[39m:473:44
[31mError[39m: Property 'Artist' does not exist on type '{ Id: string; Title: string; Address?: string | undefined; Creator?: string | undefined; Song_1?: string | undefined; Public?: number | undefined; Mint_Token?: string | undefined; Mint_Amm?: string | undefined; Instrumental?: number | undefined; }'. (ts)
[36m                            <!-- Artist -->
                            {#if data?.d1?.[35mArtist[36m}
                                <p[39m

c:\Users\Jeff\Mixtape Auto\smol-fe\[32msrc\components\smol\SmolResults.svelte[39m:477:46
[31mError[39m: Property 'Artist' does not exist on type '{ Id: string; Title: string; Address?: string | undefined; Creator?: string | undefined; Song_1?: string | undefined; Public?: number | undefined; Mint_Token?: string | undefined; Mint_Amm?: string | undefined; Instrumental?: number | undefined; }'. (ts)
[36m                                >
                                    {data.d1.[35mArtist[36m}
                                </p>[39m

c:\Users\Jeff\Mixtape Auto\smol-fe\[32msrc\components\tags\TagExplorer.svelte[39m:902:5
[33mWarn[39m: Unused CSS selector ".animate-fade-in-up"
https://svelte.dev/e/css_unused_selector (svelte)
[36m    }
    [35m.animate-fade-in-up[36m {
        animation: fadeInUp 0.4s ease-out forwards;[39m

c:\Users\Jeff\Mixtape Auto\smol-fe\[32msrc\hooks\useKaleTransfer.ts[39m:2:25
[31mError[39m: Module '"../utils/passkey-kit"' has no exported member 'server'. 
[36mimport { getDomain } from 'tldts';
import { kale, account, [35mserver[36m } from '../utils/passkey-kit';
import { getLatestSequence } from '../utils/base';[39m

====================================
[31msvelte-check found 38 errors and 3 warnings in 21 files
[39mΓÇëELIFECYCLEΓÇë Command failed with exit code 1.
