≡ƒöì Starting HYBRID deployment process (FORCE REBUILD + SORTED INIT)...

≡ƒöæ Checking identity...
Γ£à Identity: GBRMQ3TG3CUQHLYTGES6MN2VOK4UNFHNDSPLL4MF2WFZTPXOPWKDB5TF

≡ƒö¿ Building & Optimizing WASM...
   Building (cargo)...
warning: unused import: `Bn254`
  --> src\lib.rs:20:21
   |
20 | ...::{Bn254, B...
   |       ^^^^^
   |
   = note: `#[warn(unused_imports)]` (part of `#[warn(unused)]`) on by default

warning: use of deprecated method `soroban_sdk::events::Events::publish`: use the #[contractevent] macro on a contract event type
   --> src\lib.rs:254:22
    |
254 | ...().publish(
    |       ^^^^^^^
    |
    = note: `#[warn(deprecated)]` on by default

warning: use of deprecated method `soroban_sdk::events::Events::publish`: use the #[contractevent] macro on a contract event type
   --> src\lib.rs:289:22
    |
289 | ...().publish(
    |       ^^^^^^^

warning: `tier-verifier` (lib) generated 3 warnings (run `cargo fix --lib -p tier-verifier` to apply 1 suggestion)
    Finished `release` profile [optimized] target(s) in 0.35s
   Optimizing (stellar)...
Γ£à WASM optimized.

≡ƒôñ Installing WASM (contracts/tier-verifier/target/wasm32v1-none/release/tier_verifier.optimized.wasm)...
ΓÜá∩╕Å  `stellar contract install` is deprecated and will be removed in future versions of the CLI. Use `stellar contract upload` instead.
Γä╣∩╕Å  Skipping install because wasm already installed
Γ£à WASM Hash: 34e19cdaad68669489e8f3e9c5e7b469f8448d3dddd2a7d130c30c926eee30af

≡ƒÜÇ Deploying NEW contract instance...
Γä╣∩╕Å  Using wasm hash 34e19cdaad68669489e8f3e9c5e7b469f8448d3dddd2a7d130c30c926eee30af
Γä╣∩╕Å  Simulating deploy transactionΓÇª
Γä╣∩╕Å  Transaction hash is 2b6758946f98b0e2c3def24a9f10d6a50a8aea90936c22f42c5a78dda87cf0f2
≡ƒöù https://stellar.expert/explorer/public/tx/2b6758946f98b0e2c3def24a9f10d6a50a8aea90936c22f42c5a78dda87cf0f2
Γä╣∩╕Å  Signing transaction: 2b6758946f98b0e2c3def24a9f10d6a50a8aea90936c22f42c5a78dda87cf0f2
≡ƒîÄ Submitting deploy transactionΓÇª
≡ƒöù https://lab.stellar.org/r/mainnet/contract/CA2FI6WKXIENCZIX7ZFQ5SN3HXKONZLK6E35C6I2ZOUPVAYBCJXKUHLF
Γ£à Deployed!
Γ£à New Contract ID: CA2FI6WKXIENCZIX7ZFQ5SN3HXKONZLK6E35C6I2ZOUPVAYBCJXKUHLF

≡ƒöÉ Initializing Contract via SDK (nativeToScVal + Sorted)...
Simulating initialization...
Γ¥î Simulation Failed: {
  "_parsed": true,
  "latestLedger": 61135366,
  "events": [
    {
      "_attributes": {
        "inSuccessfulContractCall": false,
        "event": {
          "_attributes": {
            "ext": {
              "_switch": 0
            },
            "type": {
              "name": "diagnostic",
              "value": 2
            },
            "body": {
              "_switch": 0,
              "_arm": "v0",
              "_value": {
                "_attributes": {
                  "topics": [
                    {
                      "_switch": {
                        "name": "scvSymbol",
                        "value": 15
                      },
                      "_arm": "sym",
                      "_armType": {
                        "_maxLength": 32
                      },
                      "_value": {
                        "type": "Buffer",
                        "data": [
                          102,
                          110,
                          95,
                          99,
                          97,
                          108,
                          108
                        ]
                      }
                    },
                    {
                      "_switch": {
                        "name": "scvBytes",
                        "value": 13
                      },
                      "_arm": "bytes",
                      "_armType": {
                        "_maxLength": 4294967295
                      },
                      "_value": {
                        "type": "Buffer",
                        "data": [
                          52,
                          84,
                          122,
                          202,
                          186,
                          8,
                          209,
                          101,
                          23,
                          254,
                          75,
                          14,
                          201,
                          187,
                          61,
                          212,
                          230,
                          229,
                          106,
                          241,
                          55,
                          209,
                          121,
                          26,
                          203,
                          168,
                          250,
                          131,
                          1,
                          18,
                          110,
                          170
                        ]
                      }
                    },
                    {
                      "_switch": {
                        "name": "scvSymbol",
                        "value": 15
                      },
                      "_arm": "sym",
                      "_armType": {
                        "_maxLength": 32
                      },
                      "_value": {
                        "type": "Buffer",
                        "data": [
                          105,
                          110,
                          105,
                          116,
                          105,
                          97,
                          108,
                          105,
                          122,
                          101
                        ]
                      }
                    }
                  ],
                  "data": {
                    "_switch": {
                      "name": "scvVec",
                      "value": 16
                    },
                    "_arm": "vec",
                    "_armType": {
                      "_childType": {
                        "_maxLength": 2147483647
                      }
                    },
                    "_value": [
                      {
                        "_switch": {
                          "name": "scvAddress",
                          "value": 18
                        },
                        "_arm": "address",
                        "_value": {
                          "_switch": {
                            "name": "scAddressTypeAccount",
                            "value": 0
                          },
                          "_arm": "accountId",
                          "_value": {
                            "_switch": {
                              "name": "publicKeyTypeEd25519",
                              "value": 0
                            },
                            "_arm": "ed25519",
                            "_armType": {
                              "_length": 32
                            },
                            "_value": {
                              "type": "Buffer",
                              "data": [
                                98,
                                200,
                                110,
                                102,
                                216,
                                169,
                                3,
                                175,
                                19,
                                49,
                                37,
                                230,
                                55,
                                85,
                                114,
                                185,
                                70,
                                148,
                                237,
                                28,
                                158,
                                181,
                                241,
                                133,
                                213,
                                139,
                                153,
                                190,
                                238,
                                125,
                                148,
                                48
                              ]
                            }
                          }
                        }
                      },
                      {
                        "_switch": {
                          "name": "scvMap",
                          "value": 17
                        },
                        "_arm": "map",
                        "_armType": {
                          "_childType": {
                            "_maxLength": 2147483647
                          }
                        },
                        "_value": [
                          {
                            "_attributes": {
                              "key": {
                                "_switch": {
                                  "name": "scvString",
                                  "value": 14
                                },
                                "_arm": "str",
                                "_armType": {
                                  "_maxLength": 4294967295
                                },
                                "_value": {
                                  "type": "Buffer",
                                  "data": [
                                    97,
                                    108,
                                    112,
                                    104,
                                    97,
                                    95,
                                    103,
                                    49
                                  ]
                                }
                              },
                              "val": {
                                "_switch": {
                                  "name": "scvBytes",
                                  "value": 13
                                },
                                "_arm": "bytes",
                                "_armType": {
                                  "_maxLength": 4294967295
                                },
                                "_value": {
                                  "type": "Buffer",
                                  "data": [
                                    26,
                                    9,
                                    14,
                                    118,
                                    127,
                                    163,
                                    2,
                                    68,
                                    134,
                                    35,
                                    252,
                                    174,
                                    14,
                                    14,
                                    250,
                                    174,
                                    36,
                                    238,
                                    147,
                                    92,
                                    224,
                                    55,
                                    156,
                                    178,
                                    225,
                                    239,
                                    120,
                                    66,
                                    72,
                                    138,
                                    142,
                                    19,
                                    28,
                                    7,
                                    47,
                                    70,
                                    142,
                                    219,
                                    216,
                                    119,
                                    173,
                                    253,
                                    41,
                                    0,
                                    23,
                                    137,
                                    61,
                                    118,
                                    67,
                                    193,
                                    241,
                                    214,
                                    5,
                                    197,
                                    90,
                                    187,
                                    68,
                                    103,
                                    127,
                                    41,
                                    254,
                                    193,
                                    33,
                                    179
                                  ]
                                }
                              }
                            }
                          },
                          {
                            "_attributes": {
                              "key": {
                                "_switch": {
                                  "name": "scvString",
                                  "value": 14
                                },
                                "_arm": "str",
                                "_armType": {
                                  "_maxLength": 4294967295
                                },
                                "_value": {
                                  "type": "Buffer",
                                  "data": [
                                    98,
                                    101,
                                    116,
                                    97,
                                    95,
                                    103,
                                    50
                                  ]
                                }
                              },
                              "val": {
                                "_switch": {
                                  "name": "scvBytes",
                                  "value": 13
                                },
                                "_arm": "bytes",
                                "_armType": {
                                  "_maxLength": 4294967295
                                },
                                "_value": {
                                  "type": "Buffer",
                                  "data": [
                                    47,
                                    108,
                                    206,
                                    224,
                                    117,
                                    86,
                                    230,
                                    26,
                                    193,
                                    213,
                                    144,
                                    231,
                                    229,
                                    146,
                                    191,
                                    216,
                                    212,
                                    228,
                                    153,
                                    77,
                                    46,
                                    101,
                                    215,
                                    81,
                                    217,
                                    127,
                                    132,
                                    115,
                                    33,
                                    88,
                                    229,
                                    231,
                                    41,
                                    207,
                                    195,
                                    110,
                                    6,
                                    9,
                                    9,
                                    225,
                                    43,
                                    140,
                                    109,
                                    161,
                                    164,
                                    67,
                                    248,
                                    162,
                                    238,
                                    71,
                                    229,
                                    128,
                                    153,
                                    197,
                                    134,
                                    20,
                                    35,
                                    143,
                                    173,
                                    110,
                                    1,
                                    163,
                                    155,
                                    172,
                                    19,
                                    42,
                                    216,
                                    200,
                                    6,
                                    232,
                                    149,
                                    155,
                                    129,
                                    230,
                                    66,
                                    250,
                                    173,
                                    195,
                                    190,
                                    185,
                                    36,
                                    2,
                                    26,
                                    130,
                                    192,
                                    33,
                                    3,
                                    21,
                                    232,
                                    127,
                                    48,
                                    33,
                                    98,
                                    165,
                                    160,
                                    186,
                                    1,
                                    235,
                                    3,
                                    228,
                                    161,
                                    82,
                                    68,
                                    82,
                                    113,
                                    60,
                                    156,
                                    108,
                                    167,
                                    5,
                                    115,
                                    118,
                                    78,
                                    218,
                                    30,
                                    185,
                                    111,
                                    109,
                                    118,
                                    118,
                                    51,
                                    39,
                                    243,
                                    4,
                                    233,
                                    247,
                                    178,
                                    39
                                  ]
                                }
                              }
                            }
                          },
                          {
                            "_attributes": {
                              "key": {
                                "_switch": {
                                  "name": "scvString",
                                  "value": 14
                                },
                                "_arm": "str",
                                "_armType": {
                                  "_maxLength": 4294967295
                                },
                                "_value": {
                                  "type": "Buffer",
                                  "data": [
                                    100,
                                    101,
                                    108,
                                    116,
                                    97,
                                    95,
                                    103,
                                    50
                                  ]
                                }
                              },
                              "val": {
                                "_switch": {
                                  "name": "scvBytes",
                                  "value": 13
                                },
                                "_arm": "bytes",
                                "_armType": {
                                  "_maxLength": 4294967295
                                },
                                "_value": {
                                  "type": "Buffer",
                                  "data": [
                                    4,
                                    36,
                                    150,
                                    213,
                                    115,
                                    73,
                                    86,
                                    21,
                                    186,
                                    199,
                                    44,
                                    157,
                                    2,
                                    37,
                                    2,
                                    53,
                                    114,
                                    231,
                                    137,
                                    219,
                                    10,
                                    20,
                                    33,
                                    12,
                                    77,
                                    255,
                                    104,
                                    240,
                                    145,
                                    145,
                                    72,
                                    28,
                                    39,
                                    29,
                                    224,
                                    12,
                                    169,
                                    42,
                                    140,
                                    210,
                                    111,
                                    96,
                                    86,
                                    210,
                                    68,
                                    68,
                                    58,
                                    68,
                                    49,
                                    148,
                                    131,
                                    138,
                                    174,
                                    61,
                                    94,
                                    27,
                                    22,
                                    190,
                                    197,
                                    206,
                                    94,
                                    48,
                                    225,
                                    246,
                                    30,
                                    104,
                                    16,
                                    223,
                                    231,
                                    117,
                                    25,
                                    39,
                                    1,
                                    32,
                                    160,
                                    99,
                                    239,
                                    239,
                                    6,
                                    110,
                                    236,
                                    95,
                                    41,
                                    51,
                                    86,
                                    143,
                                    32,
                                    243,
                                    164,
                                    158,
                                    98,
                                    61,
                                    55,
                                    20,
                                    71,
                                    58,
                                    34,
                                    6,
                                    43,
                                    117,
                                    92,
                                    140,
                                    210,
                                    105,
                                    59,
                                    107,
                                    224,
                                    87,
                                    4,
                                    57,
                                    39,
                                    176,
                                    107,
                                    22,
                                    214,
                                    74,
                                    238,
                                    67,
                                    165,
                                    178,
                                    6,
                                    227,
                                    137,
                                    145,
                                    71,
                                    172,
                                    4,
                                    140
                                  ]
                                }
                              }
                            }
                          },
                          {
                            "_attributes": {
                              "key": {
                                "_switch": {
                                  "name": "scvString",
                                  "value": 14
                                },
                                "_arm": "str",
                                "_armType": {
                                  "_maxLength": 4294967295
                                },
                                "_value": {
                                  "type": "Buffer",
                                  "data": [
                                    103,
                                    97,
                                    109,
                                    109,
                                    97,
                                    95,
                                    103,
                                    50
                                  ]
                                }
                              },
                              "val": {
                                "_switch": {
                                  "name": "scvBytes",
                                  "value": 13
                                },
                                "_arm": "bytes",
                                "_armType": {
                                  "_maxLength": 4294967295
                                },
                                "_value": {
                                  "type": "Buffer",
                                  "data": [
                                    24,
                                    0,
                                    222,
                                    239,
                                    18,
                                    31,
                                    30,
                                    118,
                                    66,
                                    106,
                                    0,
                                    102,
                                    94,
                                    92,
                                    68,
                                    121,
                                    103,
                                    67,
                                    34,
                                    212,
                                    247,
                                    94,
                                    218,
                                    221,
                                    70,
                                    222,
                                    189,
                                    92,
                                    217,
                                    146,
                                    246,
                                    237,
                                    25,
                                    142,
                                    147,
                                    147,
                                    146,
                                    13,
                                    72,
                                    58,
                                    114,
                                    96,
                                    191,
                                    183,
                                    49,
                                    251,
                                    93,
                                    37,
                                    241,
                                    170,
                                    73,
                                    51,
                                    53,
                                    169,
                                    231,
                                    18,
                                    151,
                                    228,
                                    133,
                                    183,
                                    174,
                                    243,
                                    18,
                                    194,
                                    18,
                                    200,
                                    94,
                                    165,
                                    219,
                                    140,
                                    109,
                                    235,
                                    74,
                                    171,
                                    113,
                                    128,
                                    141,
                                    203,
                                    64,
                                    143,
                                    227,
                                    209,
                                    231,
                                    105,
                                    12,
                                    67,
                                    211,
                                    123,
                                    76,
                                    230,
                                    204,
                                    1,
                                    102,
                                    250,
                                    125,
                                    170,
                                    9,
                                    6,
                                    137,
                                    208,
                                    88,
                                    95,
                                    240,
                                    117,
                                    236,
                                    158,
                                    153,
                                    173,
                                    105,
                                    12,
                                    51,
                                    149,
                                    188,
                                    75,
                                    49,
                                    51,
                                    112,
                                    179,
                                    142,
                                    243,
                                    85,
                                    172,
                                    218,
                                    220,
                                    209,
                                    34,
                                    151,
                                    91
                                  ]
                                }
                              }
                            }
                          },
                          {
                            "_attributes": {
                              "key": {
                                "_switch": {
                                  "name": "scvString",
                                  "value": 14
                                },
                                "_arm": "str",
                                "_armType": {
                                  "_maxLength": 4294967295
                                },
                                "_value": {
                                  "type": "Buffer",
                                  "data": [
                                    105,
                                    99
                                  ]
                                }
                              },
                              "val": {
                                "_switch": {
                                  "name": "scvVec",
                                  "value": 16
                                },
                                "_arm": "vec",
                                "_armType": {
                                  "_childType": {
                                    "_maxLength": 2147483647
                                  }
                                },
                                "_value": [
                                  {
                                    "_switch": {
                                      "name": "scvBytes",
                                      "value": 13
                                    },
                                    "_arm": "bytes",
                                    "_armType": {
                                      "_maxLength": 4294967295
                                    },
                                    "_value": {
                                      "type": "Buffer",
                                      "data": [
                                        10,
                                        88,
                                        251,
                                        60,
                                        166,
                                        164,
                                        222,
                                        75,
                                        41,
                                        184,
                                        129,
                                        221,
                                        194,
                                        223,
                                        208,
                                        131,
                                        201,
                                        63,
                                        188,
                                        32,
                                        39,
                                        230,
                                        87,
                                        20,
                                        246,
                                        187,
                                        158,
                                        130,
                                        25,
                                        7,
                                        192,
                                        106,
                                        30,
                                        188,
                                        138,
                                        55,
                                        34,
                                        127,
                                        62,
                                        156,
                                        22,
                                        35,
                                        51,
                                        200,
                                        139,
                                        226,
                                        11,
                                        183,
                                        54,
                                        23,
                                        97,
                                        196,
                                        244,
                                        231,
                                        88,
                                        67,
                                        36,
                                        165,
                                        114,
                                        127,
                                        51,
                                        99,
                                        22,
                                        244
                                      ]
                                    }
                                  },
                                  {
                                    "_switch": {
                                      "name": "scvBytes",
                                      "value": 13
                                    },
                                    "_arm": "bytes",
                                    "_armType": {
                                      "_maxLength": 4294967295
                                    },
                                    "_value": {
                                      "type": "Buffer",
                                      "data": [
                                        43,
                                        247,
                                        180,
                                        47,
                                        190,
                                        38,
                                        151,
                                        159,
                                        173,
                                        96,
                                        240,
                                        39,
                                        63,
                                        220,
                                        246,
                                        18,
                                        119,
                                        157,
                                        251,
                                        196,
                                        135,
                                        56,
                                        76,
                                        71,
                                        104,
                                        85,
                                        33,
                                        69,
                                        121,
                                        77,
                                        249,
                                        165,
                                        38,
                                        73,
                                        95,
                                        13,
                                        215,
                                        220,
                                        118,
                                        55,
                                        177,
                                        236,
                                        91,
                                        17,
                                        241,
                                        70,
                                        44,
                                        211,
                                        205,
                                        67,
                                        242,
                                        40,
                                        9,
                                        160,
                                        85,
                                        237,
                                        26,
                                        198,
                                        123,
                                        38,
                                        201,
                                        213,
                                        183,
                                        56
                                      ]
                                    }
                                  },
                                  {
                                    "_switch": {
                                      "name": "scvBytes",
                                      "value": 13
                                    },
                                    "_arm": "bytes",
                                    "_armType": {
                                      "_maxLength": 4294967295
                                    },
                                    "_value": {
                                      "type": "Buffer",
                                      "data": [
                                        33,
                                        37,
                                        178,
                                        211,
                                        35,
                                        56,
                                        134,
                                        121,
                                        231,
                                        114,
                                        156,
                                        238,
                                        150,
                                        171,
                                        52,
                                        151,
                                        249,
                                        25,
                                        176,
                                        174,
                                        192,
                                        145,
                                        52,
                                        204,
                                        11,
                                        218,
                                        152,
                                        28,
                                        176,
                                        3,
                                        86,
                                        162,
                                        9,
                                        145,
                                        166,
                                        60,
                                        165,
                                        17,
                                        249,
                                        15,
                                        229,
                                        150,
                                        101,
                                        243,
                                        55,
                                        69,
                                        23,
                                        11,
                                        183,
                                        67,
                                        78,
                                        33,
                                        115,
                                        97,
                                        141,
                                        172,
                                        55,
                                        59,
                                        202,
                                        157,
                                        227,
                                        232,
                                        12,
                                        124
                                      ]
                                    }
                                  }
                                ]
                              }
                            }
                          }
                        ]
                      }
                    ]
                  }
                }
              }
            }
          }
        }
      }
    },
    {
      "_attributes": {
        "inSuccessfulContractCall": false,
        "event": {
          "_attributes": {
            "ext": {
              "_switch": 0
            },
            "contractId": {
              "type": "Buffer",
              "data": [
                52,
                84,
                122,
                202,
                186,
                8,
                209,
                101,
                23,
                254,
                75,
                14,
                201,
                187,
                61,
                212,
                230,
                229,
                106,
                241,
                55,
                209,
                121,
                26,
                203,
                168,
                250,
                131,
                1,
                18,
                110,
                170
              ]
            },
            "type": {
              "name": "diagnostic",
              "value": 2
            },
            "body": {
              "_switch": 0,
              "_arm": "v0",
              "_value": {
                "_attributes": {
                  "topics": [
                    {
                      "_switch": {
                        "name": "scvSymbol",
                        "value": 15
                      },
                      "_arm": "sym",
                      "_armType": {
                        "_maxLength": 32
                      },
                      "_value": {
                        "type": "Buffer",
                        "data": [
                          101,
                          114,
                          114,
                          111,
                          114
                        ]
                      }
                    },
                    {
                      "_switch": {
                        "name": "scvError",
                        "value": 2
                      },
                      "_arm": "error",
                      "_value": {
                        "_switch": {
                          "name": "sceValue",
                          "value": 8
                        },
                        "_arm": "code",
                        "_value": {
                          "name": "scecUnexpectedType",
                          "value": 8
                        }
                      }
                    }
                  ],
                  "data": {
                    "_switch": {
                      "name": "scvString",
                      "value": 14
                    },
                    "_arm": "str",
                    "_armType": {
                      "_maxLength": 4294967295
                    },
                    "_value": {
                      "type": "Buffer",
                      "data": [
                        101,
                        115,
                        99,
                        97,
                        108,
                        97,
                        116,
                        105,
                        110,
                        103,
                        32,
                        101,
                        114,
                        114,
                        111,
                        114,
                        32,
                        116,
                        111,
                        32,
                        86,
                        77,
                        32,
                        116,
                        114,
                        97,
                        112,
                        32,
                        102,
                        114,
                        111,
                        109,
                        32,
                        102,
                        97,
                        105,
                        108,
                        101,
                        100,
                        32,
                        104,
                        111,
                        115,
                        116,
                        32,
                        102,
                        117,
                        110,
                        99,
                        116,
                        105,
                        111,
                        110,
                        32,
                        99,
                        97,
                        108,
                        108,
                        58,
                        32,
                        109,
                        97,
                        112,
                        95,
                        117,
                        110,
                        112,
                        97,
                        99,
                        107,
                        95,
                        116,
                        111,
                        95,
                        108,
                        105,
                        110,
                        101,
                        97,
                        114,
                        95,
                        109,
                        101,
                        109,
                        111,
                        114,
                        121
                      ]
                    }
                  }
                }
              }
            }
          }
        }
      }
    },
    {
      "_attributes": {
        "inSuccessfulContractCall": false,
        "event": {
          "_attributes": {
            "ext": {
              "_switch": 0
            },
            "contractId": {
              "type": "Buffer",
              "data": [
                52,
                84,
                122,
                202,
                186,
                8,
                209,
                101,
                23,
                254,
                75,
                14,
                201,
                187,
                61,
                212,
                230,
                229,
                106,
                241,
                55,
                209,
                121,
                26,
                203,
                168,
                250,
                131,
                1,
                18,
                110,
                170
              ]
            },
            "type": {
              "name": "diagnostic",
              "value": 2
            },
            "body": {
              "_switch": 0,
              "_arm": "v0",
              "_value": {
                "_attributes": {
                  "topics": [
                    {
                      "_switch": {
                        "name": "scvSymbol",
                        "value": 15
                      },
                      "_arm": "sym",
                      "_armType": {
                        "_maxLength": 32
                      },
                      "_value": {
                        "type": "Buffer",
                        "data": [
                          108,
                          111,
                          103
                        ]
                      }
                    }
                  ],
                  "data": {
                    "_switch": {
                      "name": "scvVec",
                      "value": 16
                    },
                    "_arm": "vec",
                    "_armType": {
                      "_childType": {
                        "_maxLength": 2147483647
                      }
                    },
                    "_value": [
                      {
                        "_switch": {
                          "name": "scvString",
                          "value": 14
                        },
                        "_arm": "str",
                        "_armType": {
                          "_maxLength": 4294967295
                        },
                        "_value": {
                          "type": "Buffer",
                          "data": [
                            86,
                            77,
                            32,
                            99,
                            97,
                            108,
                            108,
                            32,
                            116,
                            114,
                            97,
                            112,
                            112,
                            101,
                            100,
                            32,
                            119,
                            105,
                            116,
                            104,
                            32,
                            72,
                            111,
                            115,
                            116,
                            69,
                            114,
                            114,
                            111,
                            114
                          ]
                        }
                      },
                      {
                        "_switch": {
                          "name": "scvSymbol",
                          "value": 15
                        },
                        "_arm": "sym",
                        "_armType": {
                          "_maxLength": 32
                        },
                        "_value": {
                          "type": "Buffer",
                          "data": [
                            105,
                            110,
                            105,
                            116,
                            105,
                            97,
                            108,
                            105,
                            122,
                            101
                          ]
                        }
                      },
                      {
                        "_switch": {
                          "name": "scvError",
                          "value": 2
                        },
                        "_arm": "error",
                        "_value": {
                          "_switch": {
                            "name": "sceValue",
                            "value": 8
                          },
                          "_arm": "code",
                          "_value": {
                            "name": "scecUnexpectedType",
                            "value": 8
                          }
                        }
                      }
                    ]
                  }
                }
              }
            }
          }
        }
      }
    }
  ],
  "error": "HostError: Error(Value, UnexpectedType)\n\nEvent log (newest first):\n   0: [Diagnostic Event] contract:CA2FI6WKXIENCZIX7ZFQ5SN3HXKONZLK6E35C6I2ZOUPVAYBCJXKUHLF, topics:[error, Error(Value, UnexpectedType)], data:\"escalating error to VM trap from failed host function call: map_unpack_to_linear_memory\"\n   1: [Diagnostic Event] topics:[fn_call, CA2FI6WKXIENCZIX7ZFQ5SN3HXKONZLK6E35C6I2ZOUPVAYBCJXKUHLF, initialize], data:[GBRMQ3TG3CUQHLYTGES6MN2VOK4UNFHNDSPLL4MF2WFZTPXOPWKDB5TF, {\"alpha_g1\": Bytes(1a090e767fa302448623fcae0e0efaae24ee935ce0379cb2e1ef7842488a8e131c072f468edbd877adfd290017893d7643c1f1d605c55abb44677f29fec121b3), \"beta_g2\": Bytes(2f6ccee07556e61ac1d590e7e592bfd8d4e4994d2e65d751d97f84732158e5e729cfc36e060909e12b8c6da1a443f8a2ee47e58099c58614238fad6e01a39bac132ad8c806e8959b81e642faadc3beb924021a82c0210315e87f302162a5a0ba01eb03e4a1524452713c9c6ca70573764eda1eb96f6d76763327f304e9f7b227), \"delta_g2\": Bytes(042496d573495615bac72c9d0225023572e789db0a14210c4dff68f09191481c271de00ca92a8cd26f6056d244443a443194838aae3d5e1b16bec5ce5e30e1f61e6810dfe77519270120a063efef066eec5f2933568f20f3a49e623d3714473a22062b755c8cd2693b6be057043927b06b16d64aee43a5b206e3899147ac048c), \"gamma_g2\": Bytes(1800deef121f1e76426a00665e5c4479674322d4f75edadd46debd5cd992f6ed198e9393920d483a7260bfb731fb5d25f1aa493335a9e71297e485b7aef312c212c85ea5db8c6deb4aab71808dcb408fe3d1e7690c43d37b4ce6cc0166fa7daa090689d0585ff075ec9e99ad690c3395bc4b313370b38ef355acdadcd122975b), \"ic\": [Bytes(0a58fb3ca6a4de4b29b881ddc2dfd083c93fbc2027e65714f6bb9e821907c06a1ebc8a37227f3e9c162333c88be20bb7361761c4f4e7584324a5727f336316f4), Bytes(2bf7b42fbe26979fad60f0273fdcf612779dfbc487384c4768552145794df9a526495f0dd7dc7637b1ec5b11f1462cd3cd43f22809a055ed1ac67b26c9d5b738), Bytes(2125b2d323388679e7729cee96ab3497f919b0aec09134cc0bda981cb00356a20991a63ca511f90fe59665f33745170bb7434e2173618dac373bca9de3e80c7c)]}]\n"
}
