≡ƒöì Starting HYBRID deployment process (FORCE REBUILD + SYMBOL KEYS)...

≡ƒöæ Checking identity...
Γ£à Identity: GBRMQ3TG3CUQHLYTGES6MN2VOK4UNFHNDSPLL4MF2WFZTPXOPWKDB5TF

≡ƒö¿ Building & Optimizing WASM...
   Building (cargo)...
warning: unused import: `Bn254`
  --> src\lib.rs:20:21
   |
20 | ...::{Bn254, B...
   |       ^^^^^
   |
   = note: `#[warn(unused_imports)]` (part of `#[warn(unused)]`) on by default

warning: use of deprecated method `soroban_sdk::events::Events::publish`: use the #[contractevent] macro on a contract event type
   --> src\lib.rs:254:22
    |
254 | ...().publish(
    |       ^^^^^^^
    |
    = note: `#[warn(deprecated)]` on by default

warning: use of deprecated method `soroban_sdk::events::Events::publish`: use the #[contractevent] macro on a contract event type
   --> src\lib.rs:289:22
    |
289 | ...().publish(
    |       ^^^^^^^

warning: `tier-verifier` (lib) generated 3 warnings (run `cargo fix --lib -p tier-verifier` to apply 1 suggestion)
    Finished `release` profile [optimized] target(s) in 1.31s
   Optimizing (stellar)...
Γ£à WASM optimized.

≡ƒôñ Installing WASM (contracts/tier-verifier/target/wasm32v1-none/release/tier_verifier.optimized.wasm)...
ΓÜá∩╕Å  `stellar contract install` is deprecated and will be removed in future versions of the CLI. Use `stellar contract upload` instead.
Γä╣∩╕Å  Skipping install because wasm already installed
Γ£à WASM Hash: 34e19cdaad68669489e8f3e9c5e7b469f8448d3dddd2a7d130c30c926eee30af

≡ƒÜÇ Deploying NEW contract instance...
Γä╣∩╕Å  Using wasm hash 34e19cdaad68669489e8f3e9c5e7b469f8448d3dddd2a7d130c30c926eee30af
Γä╣∩╕Å  Simulating deploy transactionΓÇª
Γä╣∩╕Å  Transaction hash is e6d7ed0316cef837bae1dc69c78a9f7778dfc6e05f7b569e58e09a870ba0711b
≡ƒöù https://stellar.expert/explorer/public/tx/e6d7ed0316cef837bae1dc69c78a9f7778dfc6e05f7b569e58e09a870ba0711b
Γä╣∩╕Å  Signing transaction: e6d7ed0316cef837bae1dc69c78a9f7778dfc6e05f7b569e58e09a870ba0711b
≡ƒîÄ Submitting deploy transactionΓÇª
≡ƒöù https://lab.stellar.org/r/mainnet/contract/CAU7NET7FXSFBBRMLM6X7CJMVAIHMG7RC4YPCXG6G4YOYG6C3CVGR25M
Γ£à Deployed!
Γ£à New Contract ID: CAU7NET7FXSFBBRMLM6X7CJMVAIHMG7RC4YPCXG6G4YOYG6C3CVGR25M

≡ƒöÉ Initializing Contract via SDK (Manual ScMap construction)...
Simulating initialization...
Submitting initialization...
Γ£à Initialization TX: b3a96abf08621a8945accc24d2199d513c63318edfa817fc2e197187d4779bb7
Γ£à Contract Initialized & Ready!

≡ƒÄë FINAL CONTRACT ID: CAU7NET7FXSFBBRMLM6X7CJMVAIHMG7RC4YPCXG6G4YOYG6C3CVGR25M
≡ƒæë Please update zkTypes.ts with this ID.
