
Running 1 test using 1 worker

Navigating to /labs/the-farm...
  Î“ÂŁĂż  1 tests\e2e\zk-auth.spec.ts:4:1 Î“Ă‡â•‘ ZK Auth Flow: Navigate -> Prove -> Verify (10.8s)


  1) tests\e2e\zk-auth.spec.ts:4:1 Î“Ă‡â•‘ ZK Auth Flow: Navigate -> Prove -> Verify Î“Ă¶Ă‡Î“Ă¶Ă‡Î“Ă¶Ă‡Î“Ă¶Ă‡Î“Ă¶Ă‡Î“Ă¶Ă‡Î“Ă¶Ă‡Î“Ă¶Ă‡Î“Ă¶Ă‡Î“Ă¶Ă‡Î“Ă¶Ă‡Î“Ă¶Ă‡Î“Ă¶Ă‡Î“Ă¶Ă‡Î“Ă¶Ă‡Î“Ă¶Ă‡Î“Ă¶Ă‡Î“Ă¶Ă‡Î“Ă¶Ă‡Î“Ă¶Ă‡Î“Ă¶Ă‡

    Error: [2mexpect([22m[31mlocator[39m[2m).[22mtoContainText[2m([22m[32mexpected[39m[2m)[22m failed

    Locator: locator('h1')
    Expected substring: [32m"THE FARM"[39m
    Timeout: 10000ms
    Error: element(s) not found

    Call log:
    [2m  - Expect "toContainText" with timeout 10000ms[22m
    [2m  - waiting for locator('h1')[22m


       9 |     // Verify initial load
      10 |     const title = page.locator('h1');
    > 11 |     await expect(title).toContainText('THE FARM', { timeout: 10000 });
         |                         ^
      12 |     console.log('Page loaded.');
      13 |
      14 |     // 2. Set Balance via Hook
        at C:\Users\Jeff\Mixtape Auto\smol-fe\tests\e2e\zk-auth.spec.ts:11:25

    attachment #1: trace (application/zip) Î“Ă¶Ă‡Î“Ă¶Ă‡Î“Ă¶Ă‡Î“Ă¶Ă‡Î“Ă¶Ă‡Î“Ă¶Ă‡Î“Ă¶Ă‡Î“Ă¶Ă‡Î“Ă¶Ă‡Î“Ă¶Ă‡Î“Ă¶Ă‡Î“Ă¶Ă‡Î“Ă¶Ă‡Î“Ă¶Ă‡Î“Ă¶Ă‡Î“Ă¶Ă‡Î“Ă¶Ă‡Î“Ă¶Ă‡Î“Ă¶Ă‡Î“Ă¶Ă‡Î“Ă¶Ă‡Î“Ă¶Ă‡Î“Ă¶Ă‡Î“Ă¶Ă‡Î“Ă¶Ă‡Î“Ă¶Ă‡Î“Ă¶Ă‡Î“Ă¶Ă‡Î“Ă¶Ă‡Î“Ă¶Ă‡Î“Ă¶Ă‡Î“Ă¶Ă‡Î“Ă¶Ă‡Î“Ă¶Ă‡Î“Ă¶Ă‡Î“Ă¶Ă‡Î“Ă¶Ă‡Î“Ă¶Ă‡Î“Ă¶Ă‡Î“Ă¶Ă‡Î“Ă¶Ă‡Î“Ă¶Ă‡Î“Ă¶Ă‡Î“Ă¶Ă‡Î“Ă¶Ă‡Î“Ă¶Ă‡Î“Ă¶Ă‡Î“Ă¶Ă‡Î“Ă¶Ă‡Î“Ă¶Ă‡Î“Ă¶Ă‡Î“Ă¶Ă‡Î“Ă¶Ă‡Î“Ă¶Ă‡Î“Ă¶Ă‡Î“Ă¶Ă‡Î“Ă¶Ă‡
    test-results\zk-auth-ZK-Auth-Flow-Navigate---Prove---Verify\trace.zip
    Usage:

        npx playwright show-trace test-results\zk-auth-ZK-Auth-Flow-Navigate---Prove---Verify\trace.zip

    Î“Ă¶Ă‡Î“Ă¶Ă‡Î“Ă¶Ă‡Î“Ă¶Ă‡Î“Ă¶Ă‡Î“Ă¶Ă‡Î“Ă¶Ă‡Î“Ă¶Ă‡Î“Ă¶Ă‡Î“Ă¶Ă‡Î“Ă¶Ă‡Î“Ă¶Ă‡Î“Ă¶Ă‡Î“Ă¶Ă‡Î“Ă¶Ă‡Î“Ă¶Ă‡Î“Ă¶Ă‡Î“Ă¶Ă‡Î“Ă¶Ă‡Î“Ă¶Ă‡Î“Ă¶Ă‡Î“Ă¶Ă‡Î“Ă¶Ă‡Î“Ă¶Ă‡Î“Ă¶Ă‡Î“Ă¶Ă‡Î“Ă¶Ă‡Î“Ă¶Ă‡Î“Ă¶Ă‡Î“Ă¶Ă‡Î“Ă¶Ă‡Î“Ă¶Ă‡Î“Ă¶Ă‡Î“Ă¶Ă‡Î“Ă¶Ă‡Î“Ă¶Ă‡Î“Ă¶Ă‡Î“Ă¶Ă‡Î“Ă¶Ă‡Î“Ă¶Ă‡Î“Ă¶Ă‡Î“Ă¶Ă‡Î“Ă¶Ă‡Î“Ă¶Ă‡Î“Ă¶Ă‡Î“Ă¶Ă‡Î“Ă¶Ă‡Î“Ă¶Ă‡Î“Ă¶Ă‡Î“Ă¶Ă‡Î“Ă¶Ă‡Î“Ă¶Ă‡Î“Ă¶Ă‡Î“Ă¶Ă‡Î“Ă¶Ă‡Î“Ă¶Ă‡Î“Ă¶Ă‡Î“Ă¶Ă‡Î“Ă¶Ă‡Î“Ă¶Ă‡Î“Ă¶Ă‡Î“Ă¶Ă‡Î“Ă¶Ă‡Î“Ă¶Ă‡Î“Ă¶Ă‡Î“Ă¶Ă‡Î“Ă¶Ă‡Î“Ă¶Ă‡Î“Ă¶Ă‡Î“Ă¶Ă‡Î“Ă¶Ă‡Î“Ă¶Ă‡Î“Ă¶Ă‡Î“Ă¶Ă‡Î“Ă¶Ă‡Î“Ă¶Ă‡Î“Ă¶Ă‡Î“Ă¶Ă‡Î“Ă¶Ă‡Î“Ă¶Ă‡Î“Ă¶Ă‡Î“Ă¶Ă‡Î“Ă¶Ă‡Î“Ă¶Ă‡Î“Ă¶Ă‡Î“Ă¶Ă‡Î“Ă¶Ă‡Î“Ă¶Ă‡Î“Ă¶Ă‡Î“Ă¶Ă‡Î“Ă¶Ă‡Î“Ă¶Ă‡Î“Ă¶Ă‡Î“Ă¶Ă‡Î“Ă¶Ă‡Î“Ă¶Ă‡

  1 failed
    tests\e2e\zk-auth.spec.ts:4:1 Î“Ă‡â•‘ ZK Auth Flow: Navigate -> Prove -> Verify Î“Ă¶Ă‡Î“Ă¶Ă‡Î“Ă¶Ă‡Î“Ă¶Ă‡Î“Ă¶Ă‡Î“Ă¶Ă‡Î“Ă¶Ă‡Î“Ă¶Ă‡Î“Ă¶Ă‡Î“Ă¶Ă‡Î“Ă¶Ă‡Î“Ă¶Ă‡Î“Ă¶Ă‡Î“Ă¶Ă‡Î“Ă¶Ă‡Î“Ă¶Ă‡Î“Ă¶Ă‡Î“Ă¶Ă‡Î“Ă¶Ă‡Î“Ă¶Ă‡Î“Ă¶Ă‡Î“Ă¶Ă‡
